[0.106s] DEBUG:colcon:Command line arguments: ['/usr/bin/colcon', 'build']
[0.106s] DEBUG:colcon:Parsed command line arguments: Namespace(log_base=None, log_level=None, verb_name='build', build_base='build', install_base='install', merge_install=False, symlink_install=False, test_result_base=None, continue_on_error=False, executor='parallel', parallel_workers=4, event_handlers=None, ignore_user_meta=False, metas=['./colcon.meta'], base_paths=['.'], packages_ignore=None, packages_ignore_regex=None, paths=None, packages_up_to=None, packages_up_to_regex=None, packages_above=None, packages_above_and_dependencies=None, packages_above_depth=None, packages_select_by_dep=None, packages_skip_by_dep=None, packages_skip_up_to=None, packages_select_build_failed=False, packages_skip_build_finished=False, packages_select_test_failures=False, packages_skip_test_passed=False, packages_select=None, packages_skip=None, packages_select_regex=None, packages_skip_regex=None, packages_start=None, packages_end=None, allow_overriding=[], cmake_args=None, cmake_target=None, cmake_target_skip_unavailable=False, cmake_clean_cache=False, cmake_clean_first=False, cmake_force_configure=False, ament_cmake_args=None, catkin_cmake_args=None, catkin_skip_building_tests=False, verb_parser=<colcon_defaults.argument_parser.defaults.DefaultArgumentsDecorator object at 0x78091dbc7c10>, verb_extension=<colcon_core.verb.build.BuildVerb object at 0x78091dbc7700>, main=<bound method BuildVerb.main of <colcon_core.verb.build.BuildVerb object at 0x78091dbc7700>>)
[0.276s] Level 1:colcon.colcon_core.package_discovery:discover_packages(colcon_meta) check parameters
[0.276s] Level 1:colcon.colcon_core.package_discovery:discover_packages(recursive) check parameters
[0.276s] Level 1:colcon.colcon_core.package_discovery:discover_packages(ignore) check parameters
[0.276s] Level 1:colcon.colcon_core.package_discovery:discover_packages(path) check parameters
[0.276s] Level 1:colcon.colcon_core.package_discovery:discover_packages(colcon_meta) discover
[0.276s] Level 1:colcon.colcon_core.package_discovery:discover_packages(recursive) discover
[0.276s] INFO:colcon.colcon_core.package_discovery:Crawling recursively for packages in '/home/nadilgunawardane/frobot_ws'
[0.276s] Level 1:colcon.colcon_core.package_identification:_identify(.) by extensions ['ignore', 'ignore_ament_install']
[0.276s] Level 1:colcon.colcon_core.package_identification:_identify(.) by extension 'ignore'
[0.276s] Level 1:colcon.colcon_core.package_identification:_identify(.) by extension 'ignore_ament_install'
[0.277s] Level 1:colcon.colcon_core.package_identification:_identify(.) by extensions ['colcon_pkg']
[0.277s] Level 1:colcon.colcon_core.package_identification:_identify(.) by extension 'colcon_pkg'
[0.277s] Level 1:colcon.colcon_core.package_identification:_identify(.) by extensions ['colcon_meta']
[0.277s] Level 1:colcon.colcon_core.package_identification:_identify(.) by extension 'colcon_meta'
[0.277s] Level 1:colcon.colcon_core.package_identification:_identify(.) by extensions ['ros']
[0.277s] Level 1:colcon.colcon_core.package_identification:_identify(.) by extension 'ros'
[0.288s] Level 1:colcon.colcon_core.package_identification:_identify(.) by extensions ['cmake', 'python']
[0.288s] Level 1:colcon.colcon_core.package_identification:_identify(.) by extension 'cmake'
[0.288s] Level 1:colcon.colcon_core.package_identification:_identify(.) by extension 'python'
[0.288s] Level 1:colcon.colcon_core.package_identification:_identify(.) by extensions ['python_setup_py']
[0.288s] Level 1:colcon.colcon_core.package_identification:_identify(.) by extension 'python_setup_py'
[0.288s] Level 1:colcon.colcon_core.package_identification:_identify(build) by extensions ['ignore', 'ignore_ament_install']
[0.289s] Level 1:colcon.colcon_core.package_identification:_identify(build) by extension 'ignore'
[0.289s] Level 1:colcon.colcon_core.package_identification:_identify(build) ignored
[0.289s] Level 1:colcon.colcon_core.package_identification:_identify(install) by extensions ['ignore', 'ignore_ament_install']
[0.289s] Level 1:colcon.colcon_core.package_identification:_identify(install) by extension 'ignore'
[0.289s] Level 1:colcon.colcon_core.package_identification:_identify(install) ignored
[0.289s] Level 1:colcon.colcon_core.package_identification:_identify(log) by extensions ['ignore', 'ignore_ament_install']
[0.289s] Level 1:colcon.colcon_core.package_identification:_identify(log) by extension 'ignore'
[0.289s] Level 1:colcon.colcon_core.package_identification:_identify(log) ignored
[0.289s] Level 1:colcon.colcon_core.package_identification:_identify(src) by extensions ['ignore', 'ignore_ament_install']
[0.289s] Level 1:colcon.colcon_core.package_identification:_identify(src) by extension 'ignore'
[0.289s] Level 1:colcon.colcon_core.package_identification:_identify(src) by extension 'ignore_ament_install'
[0.289s] Level 1:colcon.colcon_core.package_identification:_identify(src) by extensions ['colcon_pkg']
[0.289s] Level 1:colcon.colcon_core.package_identification:_identify(src) by extension 'colcon_pkg'
[0.289s] Level 1:colcon.colcon_core.package_identification:_identify(src) by extensions ['colcon_meta']
[0.289s] Level 1:colcon.colcon_core.package_identification:_identify(src) by extension 'colcon_meta'
[0.290s] Level 1:colcon.colcon_core.package_identification:_identify(src) by extensions ['ros']
[0.290s] Level 1:colcon.colcon_core.package_identification:_identify(src) by extension 'ros'
[0.290s] Level 1:colcon.colcon_core.package_identification:_identify(src) by extensions ['cmake', 'python']
[0.290s] Level 1:colcon.colcon_core.package_identification:_identify(src) by extension 'cmake'
[0.290s] Level 1:colcon.colcon_core.package_identification:_identify(src) by extension 'python'
[0.290s] Level 1:colcon.colcon_core.package_identification:_identify(src) by extensions ['python_setup_py']
[0.290s] Level 1:colcon.colcon_core.package_identification:_identify(src) by extension 'python_setup_py'
[0.290s] Level 1:colcon.colcon_core.package_identification:_identify(src/frobot_py_examples) by extensions ['ignore', 'ignore_ament_install']
[0.290s] Level 1:colcon.colcon_core.package_identification:_identify(src/frobot_py_examples) by extension 'ignore'
[0.290s] Level 1:colcon.colcon_core.package_identification:_identify(src/frobot_py_examples) by extension 'ignore_ament_install'
[0.290s] Level 1:colcon.colcon_core.package_identification:_identify(src/frobot_py_examples) by extensions ['colcon_pkg']
[0.290s] Level 1:colcon.colcon_core.package_identification:_identify(src/frobot_py_examples) by extension 'colcon_pkg'
[0.290s] Level 1:colcon.colcon_core.package_identification:_identify(src/frobot_py_examples) by extensions ['colcon_meta']
[0.290s] Level 1:colcon.colcon_core.package_identification:_identify(src/frobot_py_examples) by extension 'colcon_meta'
[0.290s] Level 1:colcon.colcon_core.package_identification:_identify(src/frobot_py_examples) by extensions ['ros']
[0.290s] Level 1:colcon.colcon_core.package_identification:_identify(src/frobot_py_examples) by extension 'ros'
[0.293s] DEBUG:colcon.colcon_core.package_identification:Package 'src/frobot_py_examples' with type 'ros.ament_python' and name 'frobot_py_examples'
[0.293s] Level 1:colcon.colcon_core.package_discovery:discover_packages(recursive) using defaults
[0.293s] Level 1:colcon.colcon_core.package_discovery:discover_packages(ignore) discover
[0.293s] Level 1:colcon.colcon_core.package_discovery:discover_packages(ignore) using defaults
[0.293s] Level 1:colcon.colcon_core.package_discovery:discover_packages(path) discover
[0.293s] Level 1:colcon.colcon_core.package_discovery:discover_packages(path) using defaults
[0.331s] Level 1:colcon.colcon_core.package_discovery:discover_packages(prefix_path) check parameters
[0.331s] Level 1:colcon.colcon_core.package_discovery:discover_packages(prefix_path) discover
[0.332s] Level 1:colcon.colcon_core.package_discovery:discover_packages(prefix_path) using defaults
[0.333s] Level 5:colcon.colcon_core.verb:set package 'frobot_py_examples' build argument 'cmake_args' from command line to 'None'
[0.333s] Level 5:colcon.colcon_core.verb:set package 'frobot_py_examples' build argument 'cmake_target' from command line to 'None'
[0.333s] Level 5:colcon.colcon_core.verb:set package 'frobot_py_examples' build argument 'cmake_target_skip_unavailable' from command line to 'False'
[0.333s] Level 5:colcon.colcon_core.verb:set package 'frobot_py_examples' build argument 'cmake_clean_cache' from command line to 'False'
[0.333s] Level 5:colcon.colcon_core.verb:set package 'frobot_py_examples' build argument 'cmake_clean_first' from command line to 'False'
[0.333s] Level 5:colcon.colcon_core.verb:set package 'frobot_py_examples' build argument 'cmake_force_configure' from command line to 'False'
[0.333s] Level 5:colcon.colcon_core.verb:set package 'frobot_py_examples' build argument 'ament_cmake_args' from command line to 'None'
[0.333s] Level 5:colcon.colcon_core.verb:set package 'frobot_py_examples' build argument 'catkin_cmake_args' from command line to 'None'
[0.333s] Level 5:colcon.colcon_core.verb:set package 'frobot_py_examples' build argument 'catkin_skip_building_tests' from command line to 'False'
[0.333s] DEBUG:colcon.colcon_core.verb:Building package 'frobot_py_examples' with the following arguments: {'ament_cmake_args': None, 'build_base': '/home/nadilgunawardane/frobot_ws/build/frobot_py_examples', 'catkin_cmake_args': None, 'catkin_skip_building_tests': False, 'cmake_args': None, 'cmake_clean_cache': False, 'cmake_clean_first': False, 'cmake_force_configure': False, 'cmake_target': None, 'cmake_target_skip_unavailable': False, 'install_base': '/home/nadilgunawardane/frobot_ws/install/frobot_py_examples', 'merge_install': False, 'path': '/home/nadilgunawardane/frobot_ws/src/frobot_py_examples', 'symlink_install': False, 'test_result_base': None}
[0.333s] INFO:colcon.colcon_core.executor:Executing jobs using 'parallel' executor
[0.334s] DEBUG:colcon.colcon_parallel_executor.executor.parallel:run_until_complete
[0.334s] INFO:colcon.colcon_ros.task.ament_python.build:Building ROS package in '/home/nadilgunawardane/frobot_ws/src/frobot_py_examples' with build type 'ament_python'
[0.335s] Level 1:colcon.colcon_core.shell:create_environment_hook('frobot_py_examples', 'ament_prefix_path')
[0.336s] INFO:colcon.colcon_core.plugin_system:Skipping extension 'colcon_core.shell.bat': Not used on non-Windows systems
[0.336s] INFO:colcon.colcon_core.shell:Creating environment hook '/home/nadilgunawardane/frobot_ws/install/frobot_py_examples/share/frobot_py_examples/hook/ament_prefix_path.ps1'
[0.337s] INFO:colcon.colcon_core.shell:Creating environment descriptor '/home/nadilgunawardane/frobot_ws/install/frobot_py_examples/share/frobot_py_examples/hook/ament_prefix_path.dsv'
[0.337s] INFO:colcon.colcon_core.shell:Creating environment hook '/home/nadilgunawardane/frobot_ws/install/frobot_py_examples/share/frobot_py_examples/hook/ament_prefix_path.sh'
[0.338s] INFO:colcon.colcon_core.shell:Skip shell extension 'powershell' for command environment: Not usable outside of PowerShell
[0.338s] DEBUG:colcon.colcon_core.shell:Skip shell extension 'dsv' for command environment
[0.557s] INFO:colcon.colcon_core.task.python.build:Building Python package in '/home/nadilgunawardane/frobot_ws/src/frobot_py_examples'
[0.557s] INFO:colcon.colcon_core.shell:Skip shell extension 'powershell' for command environment: Not usable outside of PowerShell
[0.557s] DEBUG:colcon.colcon_core.shell:Skip shell extension 'dsv' for command environment
[0.899s] DEBUG:colcon.colcon_core.event_handler.log_command:Invoking command in '/home/nadilgunawardane/frobot_ws/src/frobot_py_examples': PYTHONPATH=/home/nadilgunawardane/frobot_ws/build/frobot_py_examples/prefix_override:/home/nadilgunawardane/frobot_ws/install/frobot_py_examples/lib/python3.10/site-packages: /usr/bin/python3 -W ignore:setup.py install is deprecated setup.py egg_info --egg-base ../../build/frobot_py_examples build --build-base /home/nadilgunawardane/frobot_ws/build/frobot_py_examples/build install --record /home/nadilgunawardane/frobot_ws/build/frobot_py_examples/install.log --single-version-externally-managed install_data
[1.160s] DEBUG:colcon.colcon_core.event_handler.log_command:Invoked command in '/home/nadilgunawardane/frobot_ws/src/frobot_py_examples' returned '0': PYTHONPATH=/home/nadilgunawardane/frobot_ws/build/frobot_py_examples/prefix_override:/home/nadilgunawardane/frobot_ws/install/frobot_py_examples/lib/python3.10/site-packages: /usr/bin/python3 -W ignore:setup.py install is deprecated setup.py egg_info --egg-base ../../build/frobot_py_examples build --build-base /home/nadilgunawardane/frobot_ws/build/frobot_py_examples/build install --record /home/nadilgunawardane/frobot_ws/build/frobot_py_examples/install.log --single-version-externally-managed install_data
[1.162s] Level 1:colcon.colcon_core.environment:checking '/home/nadilgunawardane/frobot_ws/install/frobot_py_examples' for CMake module files
[1.163s] Level 1:colcon.colcon_core.environment:checking '/home/nadilgunawardane/frobot_ws/install/frobot_py_examples' for CMake config files
[1.164s] Level 1:colcon.colcon_core.environment:checking '/home/nadilgunawardane/frobot_ws/install/frobot_py_examples/lib'
[1.164s] Level 1:colcon.colcon_core.environment:checking '/home/nadilgunawardane/frobot_ws/install/frobot_py_examples/bin'
[1.164s] Level 1:colcon.colcon_core.environment:checking '/home/nadilgunawardane/frobot_ws/install/frobot_py_examples/lib/pkgconfig/frobot_py_examples.pc'
[1.164s] Level 1:colcon.colcon_core.environment:checking '/home/nadilgunawardane/frobot_ws/install/frobot_py_examples/lib/python3.10/site-packages'
[1.164s] Level 1:colcon.colcon_core.shell:create_environment_hook('frobot_py_examples', 'pythonpath')
[1.164s] INFO:colcon.colcon_core.shell:Creating environment hook '/home/nadilgunawardane/frobot_ws/install/frobot_py_examples/share/frobot_py_examples/hook/pythonpath.ps1'
[1.165s] INFO:colcon.colcon_core.shell:Creating environment descriptor '/home/nadilgunawardane/frobot_ws/install/frobot_py_examples/share/frobot_py_examples/hook/pythonpath.dsv'
[1.165s] INFO:colcon.colcon_core.shell:Creating environment hook '/home/nadilgunawardane/frobot_ws/install/frobot_py_examples/share/frobot_py_examples/hook/pythonpath.sh'
[1.166s] Level 1:colcon.colcon_core.environment:checking '/home/nadilgunawardane/frobot_ws/install/frobot_py_examples/bin'
[1.166s] Level 1:colcon.colcon_core.environment:create_environment_scripts_only(frobot_py_examples)
[1.166s] INFO:colcon.colcon_core.shell:Creating package script '/home/nadilgunawardane/frobot_ws/install/frobot_py_examples/share/frobot_py_examples/package.ps1'
[1.167s] INFO:colcon.colcon_core.shell:Creating package descriptor '/home/nadilgunawardane/frobot_ws/install/frobot_py_examples/share/frobot_py_examples/package.dsv'
[1.168s] INFO:colcon.colcon_core.shell:Creating package script '/home/nadilgunawardane/frobot_ws/install/frobot_py_examples/share/frobot_py_examples/package.sh'
[1.168s] INFO:colcon.colcon_core.shell:Creating package script '/home/nadilgunawardane/frobot_ws/install/frobot_py_examples/share/frobot_py_examples/package.bash'
[1.169s] INFO:colcon.colcon_core.shell:Creating package script '/home/nadilgunawardane/frobot_ws/install/frobot_py_examples/share/frobot_py_examples/package.zsh'
[1.170s] Level 1:colcon.colcon_core.environment:create_file_with_runtime_dependencies(/home/nadilgunawardane/frobot_ws/install/frobot_py_examples/share/colcon-core/packages/frobot_py_examples)
[1.170s] DEBUG:colcon.colcon_parallel_executor.executor.parallel:closing loop
[1.171s] DEBUG:colcon.colcon_parallel_executor.executor.parallel:loop closed
[1.171s] DEBUG:colcon.colcon_parallel_executor.executor.parallel:run_until_complete finished with '0'
[1.171s] DEBUG:colcon.colcon_core.event_reactor:joining thread
[1.175s] INFO:colcon.colcon_core.plugin_system:Skipping extension 'colcon_notification.desktop_notification.terminal_notifier': Not used on non-Darwin systems
[1.175s] INFO:colcon.colcon_core.plugin_system:Skipping extension 'colcon_notification.desktop_notification.win32': Not used on non-Windows systems
[1.175s] INFO:colcon.colcon_notification.desktop_notification:Sending desktop notification using 'notify2'
[1.195s] DEBUG:colcon.colcon_core.event_reactor:joined thread
[1.196s] INFO:colcon.colcon_core.shell:Creating prefix script '/home/nadilgunawardane/frobot_ws/install/local_setup.ps1'
[1.197s] INFO:colcon.colcon_core.shell:Creating prefix util module '/home/nadilgunawardane/frobot_ws/install/_local_setup_util_ps1.py'
[1.201s] INFO:colcon.colcon_core.shell:Creating prefix chain script '/home/nadilgunawardane/frobot_ws/install/setup.ps1'
[1.202s] INFO:colcon.colcon_core.shell:Creating prefix script '/home/nadilgunawardane/frobot_ws/install/local_setup.sh'
[1.202s] INFO:colcon.colcon_core.shell:Creating prefix util module '/home/nadilgunawardane/frobot_ws/install/_local_setup_util_sh.py'
[1.203s] INFO:colcon.colcon_core.shell:Creating prefix chain script '/home/nadilgunawardane/frobot_ws/install/setup.sh'
[1.204s] INFO:colcon.colcon_core.shell:Creating prefix script '/home/nadilgunawardane/frobot_ws/install/local_setup.bash'
[1.205s] INFO:colcon.colcon_core.shell:Creating prefix chain script '/home/nadilgunawardane/frobot_ws/install/setup.bash'
[1.206s] INFO:colcon.colcon_core.shell:Creating prefix script '/home/nadilgunawardane/frobot_ws/install/local_setup.zsh'
[1.206s] INFO:colcon.colcon_core.shell:Creating prefix chain script '/home/nadilgunawardane/frobot_ws/install/setup.zsh'
