[0.524s] Invoking command in '/home/nadilgunawardane/frobot_ws/src/frobot_py_examples': PYTHONPATH=/home/nadilgunawardane/frobot_ws/build/frobot_py_examples/prefix_override:/home/nadilgunawardane/frobot_ws/install/frobot_py_examples/lib/python3.10/site-packages: /usr/bin/python3 -W ignore:setup.py install is deprecated setup.py egg_info --egg-base ../../build/frobot_py_examples build --build-base /home/nadilgunawardane/frobot_ws/build/frobot_py_examples/build install --record /home/nadilgunawardane/frobot_ws/build/frobot_py_examples/install.log --single-version-externally-managed install_data
[0.713s] running egg_info
[0.713s] writing ../../build/frobot_py_examples/frobot_py_examples.egg-info/PKG-INFO
[0.714s] writing dependency_links to ../../build/frobot_py_examples/frobot_py_examples.egg-info/dependency_links.txt
[0.714s] writing entry points to ../../build/frobot_py_examples/frobot_py_examples.egg-info/entry_points.txt
[0.714s] writing requirements to ../../build/frobot_py_examples/frobot_py_examples.egg-info/requires.txt
[0.714s] writing top-level names to ../../build/frobot_py_examples/frobot_py_examples.egg-info/top_level.txt
[0.716s] reading manifest file '../../build/frobot_py_examples/frobot_py_examples.egg-info/SOURCES.txt'
[0.717s] writing manifest file '../../build/frobot_py_examples/frobot_py_examples.egg-info/SOURCES.txt'
[0.717s] running build
[0.717s] running build_py
[0.717s] copying frobot_py_examples/simple_subscriber.py -> /home/nadilgunawardane/frobot_ws/build/frobot_py_examples/build/lib/frobot_py_examples
[0.717s] running install
[0.717s] running install_lib
[0.718s] copying /home/nadilgunawardane/frobot_ws/build/frobot_py_examples/build/lib/frobot_py_examples/simple_subscriber.py -> /home/nadilgunawardane/frobot_ws/install/frobot_py_examples/lib/python3.10/site-packages/frobot_py_examples
[0.719s] byte-compiling /home/nadilgunawardane/frobot_ws/install/frobot_py_examples/lib/python3.10/site-packages/frobot_py_examples/simple_subscriber.py to simple_subscriber.cpython-310.pyc
[0.719s] running install_data
[0.719s] running install_egg_info
[0.721s] removing '/home/nadilgunawardane/frobot_ws/install/frobot_py_examples/lib/python3.10/site-packages/frobot_py_examples-0.0.0-py3.10.egg-info' (and everything under it)
[0.721s] Copying ../../build/frobot_py_examples/frobot_py_examples.egg-info to /home/nadilgunawardane/frobot_ws/install/frobot_py_examples/lib/python3.10/site-packages/frobot_py_examples-0.0.0-py3.10.egg-info
[0.722s] running install_scripts
[0.743s] Installing simple_publisher script to /home/nadilgunawardane/frobot_ws/install/frobot_py_examples/lib/frobot_py_examples
[0.743s] Installing simple_subscriber script to /home/nadilgunawardane/frobot_ws/install/frobot_py_examples/lib/frobot_py_examples
[0.744s] writing list of installed files to '/home/nadilgunawardane/frobot_ws/build/frobot_py_examples/install.log'
[0.780s] Invoked command in '/home/nadilgunawardane/frobot_ws/src/frobot_py_examples' returned '0': PYTHONPATH=/home/nadilgunawardane/frobot_ws/build/frobot_py_examples/prefix_override:/home/nadilgunawardane/frobot_ws/install/frobot_py_examples/lib/python3.10/site-packages: /usr/bin/python3 -W ignore:setup.py install is deprecated setup.py egg_info --egg-base ../../build/frobot_py_examples build --build-base /home/nadilgunawardane/frobot_ws/build/frobot_py_examples/build install --record /home/nadilgunawardane/frobot_ws/build/frobot_py_examples/install.log --single-version-externally-managed install_data
