[0.534s] Invoking command in '/home/nadilgunawardane/frobot_ws/src/frobot_py_examples': PYTHONPATH=/home/nadilgunawardane/frobot_ws/build/frobot_py_examples/prefix_override:/home/nadilgunawardane/frobot_ws/install/frobot_py_examples/lib/python3.10/site-packages: /usr/bin/python3 -W ignore:setup.py install is deprecated setup.py egg_info --egg-base ../../build/frobot_py_examples build --build-base /home/nadilgunawardane/frobot_ws/build/frobot_py_examples/build install --record /home/nadilgunawardane/frobot_ws/build/frobot_py_examples/install.log --single-version-externally-managed install_data
[0.733s] running egg_info
[0.733s] writing ../../build/frobot_py_examples/frobot_py_examples.egg-info/PKG-INFO
[0.733s] writing dependency_links to ../../build/frobot_py_examples/frobot_py_examples.egg-info/dependency_links.txt
[0.733s] writing entry points to ../../build/frobot_py_examples/frobot_py_examples.egg-info/entry_points.txt
[0.734s] writing requirements to ../../build/frobot_py_examples/frobot_py_examples.egg-info/requires.txt
[0.734s] writing top-level names to ../../build/frobot_py_examples/frobot_py_examples.egg-info/top_level.txt
[0.735s] reading manifest file '../../build/frobot_py_examples/frobot_py_examples.egg-info/SOURCES.txt'
[0.736s] writing manifest file '../../build/frobot_py_examples/frobot_py_examples.egg-info/SOURCES.txt'
[0.736s] running build
[0.736s] running build_py
[0.736s] copying frobot_py_examples/simple_subscriber.py -> /home/nadilgunawardane/frobot_ws/build/frobot_py_examples/build/lib/frobot_py_examples
[0.736s] running install
[0.737s] running install_lib
[0.737s] copying /home/nadilgunawardane/frobot_ws/build/frobot_py_examples/build/lib/frobot_py_examples/simple_subscriber.py -> /home/nadilgunawardane/frobot_ws/install/frobot_py_examples/lib/python3.10/site-packages/frobot_py_examples
[0.738s] byte-compiling /home/nadilgunawardane/frobot_ws/install/frobot_py_examples/lib/python3.10/site-packages/frobot_py_examples/simple_subscriber.py to simple_subscriber.cpython-310.pyc
[0.738s] running install_data
[0.738s] running install_egg_info
[0.740s] removing '/home/nadilgunawardane/frobot_ws/install/frobot_py_examples/lib/python3.10/site-packages/frobot_py_examples-0.0.0-py3.10.egg-info' (and everything under it)
[0.740s] Copying ../../build/frobot_py_examples/frobot_py_examples.egg-info to /home/nadilgunawardane/frobot_ws/install/frobot_py_examples/lib/python3.10/site-packages/frobot_py_examples-0.0.0-py3.10.egg-info
[0.741s] running install_scripts
[0.761s] Installing simple_publisher script to /home/nadilgunawardane/frobot_ws/install/frobot_py_examples/lib/frobot_py_examples
[0.761s] Installing simple_subscriber script to /home/nadilgunawardane/frobot_ws/install/frobot_py_examples/lib/frobot_py_examples
[0.761s] writing list of installed files to '/home/nadilgunawardane/frobot_ws/build/frobot_py_examples/install.log'
[0.790s] Invoked command in '/home/nadilgunawardane/frobot_ws/src/frobot_py_examples' returned '0': PYTHONPATH=/home/nadilgunawardane/frobot_ws/build/frobot_py_examples/prefix_override:/home/nadilgunawardane/frobot_ws/install/frobot_py_examples/lib/python3.10/site-packages: /usr/bin/python3 -W ignore:setup.py install is deprecated setup.py egg_info --egg-base ../../build/frobot_py_examples build --build-base /home/nadilgunawardane/frobot_ws/build/frobot_py_examples/build install --record /home/nadilgunawardane/frobot_ws/build/frobot_py_examples/install.log --single-version-externally-managed install_data
