[0.803s] Invoking command in '/home/nadilgunawardane/frobot_ws/src/frobot_py_examples': PYTHONPATH=/home/nadilgunawardane/frobot_ws/build/frobot_py_examples/prefix_override:/home/nadilgunawardane/frobot_ws/install/frobot_py_examples/lib/python3.10/site-packages:${PYTHONPATH} /usr/bin/python3 -W ignore:setup.py install is deprecated setup.py egg_info --egg-base ../../build/frobot_py_examples build --build-base /home/nadilgunawardane/frobot_ws/build/frobot_py_examples/build install --record /home/nadilgunawardane/frobot_ws/build/frobot_py_examples/install.log --single-version-externally-managed install_data
[1.081s] running egg_info
[1.081s] creating ../../build/frobot_py_examples/frobot_py_examples.egg-info
[1.081s] writing ../../build/frobot_py_examples/frobot_py_examples.egg-info/PKG-INFO
[1.082s] writing dependency_links to ../../build/frobot_py_examples/frobot_py_examples.egg-info/dependency_links.txt
[1.082s] writing entry points to ../../build/frobot_py_examples/frobot_py_examples.egg-info/entry_points.txt
[1.082s] writing requirements to ../../build/frobot_py_examples/frobot_py_examples.egg-info/requires.txt
[1.082s] writing top-level names to ../../build/frobot_py_examples/frobot_py_examples.egg-info/top_level.txt
[1.082s] writing manifest file '../../build/frobot_py_examples/frobot_py_examples.egg-info/SOURCES.txt'
[1.084s] reading manifest file '../../build/frobot_py_examples/frobot_py_examples.egg-info/SOURCES.txt'
[1.085s] writing manifest file '../../build/frobot_py_examples/frobot_py_examples.egg-info/SOURCES.txt'
[1.085s] running build
[1.085s] running build_py
[1.085s] creating /home/nadilgunawardane/frobot_ws/build/frobot_py_examples/build
[1.085s] creating /home/nadilgunawardane/frobot_ws/build/frobot_py_examples/build/lib
[1.085s] creating /home/nadilgunawardane/frobot_ws/build/frobot_py_examples/build/lib/frobot_py_examples
[1.085s] copying frobot_py_examples/__init__.py -> /home/nadilgunawardane/frobot_ws/build/frobot_py_examples/build/lib/frobot_py_examples
[1.086s] running install
[1.086s] running install_lib
[1.087s] creating /home/nadilgunawardane/frobot_ws/install/frobot_py_examples/lib/python3.10/site-packages/frobot_py_examples
[1.087s] copying /home/nadilgunawardane/frobot_ws/build/frobot_py_examples/build/lib/frobot_py_examples/__init__.py -> /home/nadilgunawardane/frobot_ws/install/frobot_py_examples/lib/python3.10/site-packages/frobot_py_examples
[1.087s] byte-compiling /home/nadilgunawardane/frobot_ws/install/frobot_py_examples/lib/python3.10/site-packages/frobot_py_examples/__init__.py to __init__.cpython-310.pyc
[1.087s] running install_data
[1.087s] creating /home/nadilgunawardane/frobot_ws/install/frobot_py_examples/share/ament_index
[1.088s] creating /home/nadilgunawardane/frobot_ws/install/frobot_py_examples/share/ament_index/resource_index
[1.088s] creating /home/nadilgunawardane/frobot_ws/install/frobot_py_examples/share/ament_index/resource_index/packages
[1.088s] copying resource/frobot_py_examples -> /home/nadilgunawardane/frobot_ws/install/frobot_py_examples/share/ament_index/resource_index/packages
[1.088s] copying package.xml -> /home/nadilgunawardane/frobot_ws/install/frobot_py_examples/share/frobot_py_examples
[1.088s] running install_egg_info
[1.089s] Copying ../../build/frobot_py_examples/frobot_py_examples.egg-info to /home/nadilgunawardane/frobot_ws/install/frobot_py_examples/lib/python3.10/site-packages/frobot_py_examples-0.0.0-py3.10.egg-info
[1.090s] running install_scripts
[1.116s] writing list of installed files to '/home/nadilgunawardane/frobot_ws/build/frobot_py_examples/install.log'
[1.160s] Invoked command in '/home/nadilgunawardane/frobot_ws/src/frobot_py_examples' returned '0': PYTHONPATH=/home/nadilgunawardane/frobot_ws/build/frobot_py_examples/prefix_override:/home/nadilgunawardane/frobot_ws/install/frobot_py_examples/lib/python3.10/site-packages:${PYTHONPATH} /usr/bin/python3 -W ignore:setup.py install is deprecated setup.py egg_info --egg-base ../../build/frobot_py_examples build --build-base /home/nadilgunawardane/frobot_ws/build/frobot_py_examples/build install --record /home/nadilgunawardane/frobot_ws/build/frobot_py_examples/install.log --single-version-externally-managed install_data
